<?xml version="1.0" encoding="UTF-8"?>
<!-- Generated by org.testng.reporters.JUnitReportReporter -->
<testsuite hostname="Venkatesan" failures="0" tests="1" name="org.sample.test.Sampletest" time="241.126" errors="0" timestamp="2024-07-12T13:35:56 IST" skipped="0">
  <testcase classname="org.sample.test.Sampletest" name="signuptest" time="241.126"/>
</testsuite> <!-- org.sample.test.Sampletest -->
