<?xml version="1.0" encoding="UTF-8"?>
<!-- Generated by org.testng.reporters.JUnitReportReporter -->
<testsuite hostname="Venkatesan" failures="0" tests="1" name="learning.Testclass" time="3.317" errors="0" timestamp="2024-06-28T10:42:32 IST" skipped="0">
  <testcase classname="learning.Testclass" name="login" time="3.317"/>
</testsuite> <!-- learning.Testclass -->
